2020-11-21T17:37:23,933  WARN CreatePStops:136 file  not found. Falling back to min/max serviceArea parameters.
2020-11-21T17:37:24,548  WARN PrepareForSimImpl:222 'usePersonIdForMissingVehicleId' is deprecated. It will be removed soon.
2020-11-21T17:37:24,924  WARN RandomizingTimeDistanceTravelDisutilityFactory:112 There will be no routing randomness. The randomization of the travel disutility requires the monetary distance rate to be different than zero. Continuing anyway.
2020-11-21T17:37:24,956  WARN PreProcessEuclidean:59 There are links with stored length smaller than their Euclidean distance in this network. Thus, A* cannot guarantee to calculate the least-cost paths between two nodes.
2020-11-21T17:37:24,987  WARN PreProcessEuclidean:59 There are links with stored length smaller than their Euclidean distance in this network. Thus, A* cannot guarantee to calculate the least-cost paths between two nodes.
2020-11-21T17:37:26,452  WARN ObjectAttributesConverter:77 No AttributeConverter found for class java.util.Collections$UnmodifiableMap. Not all attribute values can be converted.
2020-11-21T17:37:43,996  WARN StageContainerCreator:152 There are 169 passengers with incomplete trips. Cannot finish them. Will not forward those entries
2020-11-21T17:37:53,108  WARN ExpBetaPlanChanger:86 Would make sense to revise this once more.  See comments in code.  kai, nov08
2020-11-21T17:37:53,532  WARN CountPPaxHandler:88 Should not have a count different zero 1
2020-11-21T17:37:53,532  WARN CountPPaxHandler:88 Should not have a count different zero 10
2020-11-21T17:37:53,532  WARN CountPPaxHandler:88 Should not have a count different zero 10
2020-11-21T17:37:53,532  WARN CountPPaxHandler:88 Should not have a count different zero 1
2020-11-21T17:37:53,532  WARN CountPPaxHandler:88 Should not have a count different zero 10
2020-11-21T17:37:53,532  WARN CountPPaxHandler:88 Should not have a count different zero 2
2020-11-21T17:37:53,532  WARN CountPPaxHandler:88 Should not have a count different zero 3
2020-11-21T17:37:53,532  WARN CountPPaxHandler:88 Should not have a count different zero 10
2020-11-21T17:37:53,532  WARN CountPPaxHandler:88 Should not have a count different zero 10
2020-11-21T17:37:53,532  WARN CountPPaxHandler:88 Should not have a count different zero 10
2020-11-21T17:37:53,532  WARN CountPPaxHandler:88 Should not have a count different zero 10
2020-11-21T17:37:53,532  WARN CountPPaxHandler:88 Should not have a count different zero 1
2020-11-21T17:37:53,532  WARN CountPPaxHandler:88 Should not have a count different zero 1
2020-11-21T17:37:53,532  WARN CountPPaxHandler:88 Should not have a count different zero 4
2020-11-21T17:37:53,532  WARN CountPPaxHandler:88 Should not have a count different zero 4
2020-11-21T17:37:53,532  WARN CountPPaxHandler:88 Should not have a count different zero 4
2020-11-21T17:37:53,532  WARN CountPPaxHandler:88 Should not have a count different zero 3
2020-11-21T17:37:53,532  WARN CountPPaxHandler:88 Should not have a count different zero 3
2020-11-21T17:37:53,532  WARN CountPPaxHandler:88 Should not have a count different zero 1
2020-11-21T17:37:53,532  WARN CountPPaxHandler:88 Should not have a count different zero 10
2020-11-21T17:37:53,532  WARN CountPPaxHandler:88 Should not have a count different zero 3
2020-11-21T17:37:53,532  WARN CountPPaxHandler:88 Should not have a count different zero 10
2020-11-21T17:37:53,532  WARN CountPPaxHandler:88 Should not have a count different zero 3
2020-11-21T17:37:53,532  WARN CountPPaxHandler:88 Should not have a count different zero 10
2020-11-21T17:37:53,532  WARN CountPPaxHandler:88 Should not have a count different zero 3
2020-11-21T17:37:53,532  WARN CountPPaxHandler:88 Should not have a count different zero 10
2020-11-21T17:37:53,532  WARN CountPPaxHandler:88 Should not have a count different zero 2
2020-11-21T17:37:53,532  WARN CountPPaxHandler:88 Should not have a count different zero 2
2020-11-21T17:37:53,532  WARN CountPPaxHandler:88 Should not have a count different zero 2
2020-11-21T17:37:53,532  WARN CountPPaxHandler:88 Should not have a count different zero 3
2020-11-21T17:37:53,532  WARN CountPPaxHandler:88 Should not have a count different zero 2
2020-11-21T17:37:53,532  WARN CountPPaxHandler:88 Should not have a count different zero 1
2020-11-21T17:37:53,532  WARN CountPPaxHandler:88 Should not have a count different zero 10
2020-11-21T17:37:53,532  WARN CountPPaxHandler:88 Should not have a count different zero 1
2020-11-21T17:37:53,532  WARN CountPPaxHandler:88 Should not have a count different zero 10
2020-11-21T17:37:53,532  WARN CountPPaxHandler:88 Should not have a count different zero 10
2020-11-21T17:37:53,532  WARN CountPPaxHandler:88 Should not have a count different zero 1
2020-11-21T17:37:53,532  WARN CountPPaxHandler:88 Should not have a count different zero 10
2020-11-21T17:37:53,532  WARN CountPPaxHandler:88 Should not have a count different zero 2
2020-11-21T17:37:53,532  WARN CountPPaxHandler:88 Should not have a count different zero 3
2020-11-21T17:37:53,532  WARN CountPPaxHandler:88 Should not have a count different zero 10
2020-11-21T17:37:53,532  WARN CountPPaxHandler:88 Should not have a count different zero 10
2020-11-21T17:37:53,532  WARN CountPPaxHandler:88 Should not have a count different zero 10
2020-11-21T17:37:53,532  WARN CountPPaxHandler:88 Should not have a count different zero 10
2020-11-21T17:37:53,532  WARN CountPPaxHandler:88 Should not have a count different zero 1
2020-11-21T17:37:53,532  WARN CountPPaxHandler:88 Should not have a count different zero 1
2020-11-21T17:37:53,532  WARN CountPPaxHandler:88 Should not have a count different zero 4
2020-11-21T17:37:53,532  WARN CountPPaxHandler:88 Should not have a count different zero 4
2020-11-21T17:37:53,532  WARN CountPPaxHandler:88 Should not have a count different zero 4
2020-11-21T17:37:53,532  WARN CountPPaxHandler:88 Should not have a count different zero 3
2020-11-21T17:37:53,532  WARN CountPPaxHandler:88 Should not have a count different zero 3
2020-11-21T17:37:53,532  WARN CountPPaxHandler:88 Should not have a count different zero 1
2020-11-21T17:37:53,532  WARN CountPPaxHandler:88 Should not have a count different zero 10
2020-11-21T17:37:53,532  WARN CountPPaxHandler:88 Should not have a count different zero 3
2020-11-21T17:37:53,532  WARN CountPPaxHandler:88 Should not have a count different zero 10
2020-11-21T17:37:53,532  WARN CountPPaxHandler:88 Should not have a count different zero 3
2020-11-21T17:37:53,532  WARN CountPPaxHandler:88 Should not have a count different zero 10
2020-11-21T17:37:53,532  WARN CountPPaxHandler:88 Should not have a count different zero 3
2020-11-21T17:37:53,532  WARN CountPPaxHandler:88 Should not have a count different zero 10
2020-11-21T17:37:53,532  WARN CountPPaxHandler:88 Should not have a count different zero 2
2020-11-21T17:37:53,532  WARN CountPPaxHandler:88 Should not have a count different zero 2
2020-11-21T17:37:53,532  WARN CountPPaxHandler:88 Should not have a count different zero 2
2020-11-21T17:37:53,532  WARN CountPPaxHandler:88 Should not have a count different zero 3
2020-11-21T17:37:53,532  WARN CountPPaxHandler:88 Should not have a count different zero 2
2020-11-21T17:37:53,532  WARN CountPPaxHandler:88 Should not have a count different zero 1
2020-11-21T17:37:53,532  WARN CountPPaxHandler:88 Should not have a count different zero 10
2020-11-21T17:37:53,532  WARN CountPPaxHandler:88 Should not have a count different zero 1
2020-11-21T17:37:53,532  WARN CountPPaxHandler:88 Should not have a count different zero 10
2020-11-21T17:37:53,532  WARN CountPPaxHandler:88 Should not have a count different zero 10
2020-11-21T17:37:53,532  WARN CountPPaxHandler:88 Should not have a count different zero 1
2020-11-21T17:37:53,532  WARN CountPPaxHandler:88 Should not have a count different zero 10
2020-11-21T17:37:53,532  WARN CountPPaxHandler:88 Should not have a count different zero 2
2020-11-21T17:37:53,532  WARN CountPPaxHandler:88 Should not have a count different zero 3
2020-11-21T17:37:53,532  WARN CountPPaxHandler:88 Should not have a count different zero 10
2020-11-21T17:37:53,532  WARN CountPPaxHandler:88 Should not have a count different zero 10
2020-11-21T17:37:53,532  WARN CountPPaxHandler:88 Should not have a count different zero 10
2020-11-21T17:37:53,532  WARN CountPPaxHandler:88 Should not have a count different zero 10
2020-11-21T17:37:53,532  WARN CountPPaxHandler:88 Should not have a count different zero 1
2020-11-21T17:37:53,532  WARN CountPPaxHandler:88 Should not have a count different zero 1
2020-11-21T17:37:53,532  WARN CountPPaxHandler:88 Should not have a count different zero 4
2020-11-21T17:37:53,532  WARN CountPPaxHandler:88 Should not have a count different zero 4
2020-11-21T17:37:53,532  WARN CountPPaxHandler:88 Should not have a count different zero 4
2020-11-21T17:37:53,532  WARN CountPPaxHandler:88 Should not have a count different zero 3
2020-11-21T17:37:53,532  WARN CountPPaxHandler:88 Should not have a count different zero 3
2020-11-21T17:37:53,532  WARN CountPPaxHandler:88 Should not have a count different zero 1
2020-11-21T17:37:53,532  WARN CountPPaxHandler:88 Should not have a count different zero 10
2020-11-21T17:37:53,532  WARN CountPPaxHandler:88 Should not have a count different zero 3
2020-11-21T17:37:53,532  WARN CountPPaxHandler:88 Should not have a count different zero 10
2020-11-21T17:37:53,532  WARN CountPPaxHandler:88 Should not have a count different zero 3
2020-11-21T17:37:53,532  WARN CountPPaxHandler:88 Should not have a count different zero 10
2020-11-21T17:37:53,532  WARN CountPPaxHandler:88 Should not have a count different zero 3
2020-11-21T17:37:53,532  WARN CountPPaxHandler:88 Should not have a count different zero 10
2020-11-21T17:37:53,532  WARN CountPPaxHandler:88 Should not have a count different zero 2
2020-11-21T17:37:53,532  WARN CountPPaxHandler:88 Should not have a count different zero 2
2020-11-21T17:37:53,532  WARN CountPPaxHandler:88 Should not have a count different zero 2
2020-11-21T17:37:53,532  WARN CountPPaxHandler:88 Should not have a count different zero 3
2020-11-21T17:37:53,532  WARN CountPPaxHandler:88 Should not have a count different zero 2
2020-11-21T17:37:53,532  WARN CountPPaxHandler:88 Should not have a count different zero 1
2020-11-21T17:37:53,532  WARN CountPPaxHandler:88 Should not have a count different zero 10
2020-11-21T17:37:53,566  WARN ObjectAttributesConverter:77 No AttributeConverter found for class java.util.Collections$UnmodifiableMap. Not all attribute values can be converted.
2020-11-21T17:38:07,995  WARN StageContainerCreator:152 There are 121 passengers with incomplete trips. Cannot finish them. Will not forward those entries
2020-11-21T17:38:11,362  WARN CountPPaxHandler:88 Should not have a count different zero 1
2020-11-21T17:38:11,362  WARN CountPPaxHandler:88 Should not have a count different zero 10
2020-11-21T17:38:11,362  WARN CountPPaxHandler:88 Should not have a count different zero 5
2020-11-21T17:38:11,362  WARN CountPPaxHandler:88 Should not have a count different zero 10
2020-11-21T17:38:11,378  WARN CountPPaxHandler:88 Should not have a count different zero 10
2020-11-21T17:38:11,378  WARN CountPPaxHandler:88 Should not have a count different zero 10
2020-11-21T17:38:11,378  WARN CountPPaxHandler:88 Should not have a count different zero 10
2020-11-21T17:38:11,378  WARN CountPPaxHandler:88 Should not have a count different zero 10
2020-11-21T17:38:11,378  WARN CountPPaxHandler:88 Should not have a count different zero 10
2020-11-21T17:38:11,378  WARN CountPPaxHandler:88 Should not have a count different zero 10
2020-11-21T17:38:11,378  WARN CountPPaxHandler:88 Should not have a count different zero 10
2020-11-21T17:38:11,378  WARN CountPPaxHandler:88 Should not have a count different zero 7
2020-11-21T17:38:11,378  WARN CountPPaxHandler:88 Should not have a count different zero 7
2020-11-21T17:38:11,378  WARN CountPPaxHandler:88 Should not have a count different zero 1
2020-11-21T17:38:11,378  WARN CountPPaxHandler:88 Should not have a count different zero 10
2020-11-21T17:38:11,378  WARN CountPPaxHandler:88 Should not have a count different zero 1
2020-11-21T17:38:11,378  WARN CountPPaxHandler:88 Should not have a count different zero 10
2020-11-21T17:38:11,378  WARN CountPPaxHandler:88 Should not have a count different zero 5
2020-11-21T17:38:11,378  WARN CountPPaxHandler:88 Should not have a count different zero 10
2020-11-21T17:38:11,378  WARN CountPPaxHandler:88 Should not have a count different zero 10
2020-11-21T17:38:11,378  WARN CountPPaxHandler:88 Should not have a count different zero 10
2020-11-21T17:38:11,378  WARN CountPPaxHandler:88 Should not have a count different zero 10
2020-11-21T17:38:11,378  WARN CountPPaxHandler:88 Should not have a count different zero 10
2020-11-21T17:38:11,378  WARN CountPPaxHandler:88 Should not have a count different zero 10
2020-11-21T17:38:11,378  WARN CountPPaxHandler:88 Should not have a count different zero 10
2020-11-21T17:38:11,378  WARN CountPPaxHandler:88 Should not have a count different zero 10
2020-11-21T17:38:11,378  WARN CountPPaxHandler:88 Should not have a count different zero 7
2020-11-21T17:38:11,378  WARN CountPPaxHandler:88 Should not have a count different zero 7
2020-11-21T17:38:11,378  WARN CountPPaxHandler:88 Should not have a count different zero 1
2020-11-21T17:38:11,378  WARN CountPPaxHandler:88 Should not have a count different zero 10
2020-11-21T17:38:11,378  WARN CountPPaxHandler:88 Should not have a count different zero 1
2020-11-21T17:38:11,378  WARN CountPPaxHandler:88 Should not have a count different zero 10
2020-11-21T17:38:11,378  WARN CountPPaxHandler:88 Should not have a count different zero 5
2020-11-21T17:38:11,378  WARN CountPPaxHandler:88 Should not have a count different zero 10
2020-11-21T17:38:11,378  WARN CountPPaxHandler:88 Should not have a count different zero 10
2020-11-21T17:38:11,378  WARN CountPPaxHandler:88 Should not have a count different zero 10
2020-11-21T17:38:11,378  WARN CountPPaxHandler:88 Should not have a count different zero 10
2020-11-21T17:38:11,378  WARN CountPPaxHandler:88 Should not have a count different zero 10
2020-11-21T17:38:11,378  WARN CountPPaxHandler:88 Should not have a count different zero 10
2020-11-21T17:38:11,378  WARN CountPPaxHandler:88 Should not have a count different zero 10
2020-11-21T17:38:11,378  WARN CountPPaxHandler:88 Should not have a count different zero 10
2020-11-21T17:38:11,378  WARN CountPPaxHandler:88 Should not have a count different zero 7
2020-11-21T17:38:11,378  WARN CountPPaxHandler:88 Should not have a count different zero 7
2020-11-21T17:38:11,378  WARN CountPPaxHandler:88 Should not have a count different zero 1
2020-11-21T17:38:11,378  WARN CountPPaxHandler:88 Should not have a count different zero 10
2020-11-21T17:38:21,072  WARN StageContainerCreator:152 There are 127 passengers with incomplete trips. Cannot finish them. Will not forward those entries
2020-11-21T17:38:23,931  WARN CountPPaxHandler:88 Should not have a count different zero 1
2020-11-21T17:38:23,931  WARN CountPPaxHandler:88 Should not have a count different zero 2
2020-11-21T17:38:23,931  WARN CountPPaxHandler:88 Should not have a count different zero 2
2020-11-21T17:38:23,931  WARN CountPPaxHandler:88 Should not have a count different zero 1
2020-11-21T17:38:23,931  WARN CountPPaxHandler:88 Should not have a count different zero 1
2020-11-21T17:38:23,931  WARN CountPPaxHandler:88 Should not have a count different zero 1
2020-11-21T17:38:23,931  WARN CountPPaxHandler:88 Should not have a count different zero 10
2020-11-21T17:38:23,931  WARN CountPPaxHandler:88 Should not have a count different zero 10
2020-11-21T17:38:23,931  WARN CountPPaxHandler:88 Should not have a count different zero 10
2020-11-21T17:38:23,931  WARN CountPPaxHandler:88 Should not have a count different zero 10
2020-11-21T17:38:23,931  WARN CountPPaxHandler:88 Should not have a count different zero 10
2020-11-21T17:38:23,931  WARN CountPPaxHandler:88 Should not have a count different zero 10
2020-11-21T17:38:23,931  WARN CountPPaxHandler:88 Should not have a count different zero 10
2020-11-21T17:38:23,931  WARN CountPPaxHandler:88 Should not have a count different zero 10
2020-11-21T17:38:23,931  WARN CountPPaxHandler:88 Should not have a count different zero 10
2020-11-21T17:38:23,931  WARN CountPPaxHandler:88 Should not have a count different zero 10
2020-11-21T17:38:23,931  WARN CountPPaxHandler:88 Should not have a count different zero 1
2020-11-21T17:38:23,931  WARN CountPPaxHandler:88 Should not have a count different zero 1
2020-11-21T17:38:23,931  WARN CountPPaxHandler:88 Should not have a count different zero 10
2020-11-21T17:38:23,931  WARN CountPPaxHandler:88 Should not have a count different zero 3
2020-11-21T17:38:23,931  WARN CountPPaxHandler:88 Should not have a count different zero 4
2020-11-21T17:38:23,931  WARN CountPPaxHandler:88 Should not have a count different zero 1
2020-11-21T17:38:23,931  WARN CountPPaxHandler:88 Should not have a count different zero 2
2020-11-21T17:38:23,931  WARN CountPPaxHandler:88 Should not have a count different zero 2
2020-11-21T17:38:23,931  WARN CountPPaxHandler:88 Should not have a count different zero 1
2020-11-21T17:38:23,931  WARN CountPPaxHandler:88 Should not have a count different zero 1
2020-11-21T17:38:23,931  WARN CountPPaxHandler:88 Should not have a count different zero 1
2020-11-21T17:38:23,931  WARN CountPPaxHandler:88 Should not have a count different zero 10
2020-11-21T17:38:23,931  WARN CountPPaxHandler:88 Should not have a count different zero 10
2020-11-21T17:38:23,931  WARN CountPPaxHandler:88 Should not have a count different zero 10
2020-11-21T17:38:23,931  WARN CountPPaxHandler:88 Should not have a count different zero 10
2020-11-21T17:38:23,931  WARN CountPPaxHandler:88 Should not have a count different zero 10
2020-11-21T17:38:23,947  WARN CountPPaxHandler:88 Should not have a count different zero 10
2020-11-21T17:38:23,947  WARN CountPPaxHandler:88 Should not have a count different zero 10
2020-11-21T17:38:23,947  WARN CountPPaxHandler:88 Should not have a count different zero 10
2020-11-21T17:38:23,947  WARN CountPPaxHandler:88 Should not have a count different zero 10
2020-11-21T17:38:23,947  WARN CountPPaxHandler:88 Should not have a count different zero 10
2020-11-21T17:38:23,947  WARN CountPPaxHandler:88 Should not have a count different zero 1
2020-11-21T17:38:23,947  WARN CountPPaxHandler:88 Should not have a count different zero 1
2020-11-21T17:38:23,947  WARN CountPPaxHandler:88 Should not have a count different zero 10
2020-11-21T17:38:23,947  WARN CountPPaxHandler:88 Should not have a count different zero 3
2020-11-21T17:38:23,947  WARN CountPPaxHandler:88 Should not have a count different zero 4
2020-11-21T17:38:23,947  WARN CountPPaxHandler:88 Should not have a count different zero 1
2020-11-21T17:38:23,947  WARN CountPPaxHandler:88 Should not have a count different zero 2
2020-11-21T17:38:23,947  WARN CountPPaxHandler:88 Should not have a count different zero 2
2020-11-21T17:38:23,947  WARN CountPPaxHandler:88 Should not have a count different zero 1
2020-11-21T17:38:23,947  WARN CountPPaxHandler:88 Should not have a count different zero 1
2020-11-21T17:38:23,947  WARN CountPPaxHandler:88 Should not have a count different zero 1
2020-11-21T17:38:23,947  WARN CountPPaxHandler:88 Should not have a count different zero 10
2020-11-21T17:38:23,947  WARN CountPPaxHandler:88 Should not have a count different zero 10
2020-11-21T17:38:23,947  WARN CountPPaxHandler:88 Should not have a count different zero 10
2020-11-21T17:38:23,947  WARN CountPPaxHandler:88 Should not have a count different zero 10
2020-11-21T17:38:23,947  WARN CountPPaxHandler:88 Should not have a count different zero 10
2020-11-21T17:38:23,947  WARN CountPPaxHandler:88 Should not have a count different zero 10
2020-11-21T17:38:23,947  WARN CountPPaxHandler:88 Should not have a count different zero 10
2020-11-21T17:38:23,947  WARN CountPPaxHandler:88 Should not have a count different zero 10
2020-11-21T17:38:23,947  WARN CountPPaxHandler:88 Should not have a count different zero 10
2020-11-21T17:38:23,947  WARN CountPPaxHandler:88 Should not have a count different zero 10
2020-11-21T17:38:23,947  WARN CountPPaxHandler:88 Should not have a count different zero 1
2020-11-21T17:38:23,947  WARN CountPPaxHandler:88 Should not have a count different zero 1
2020-11-21T17:38:23,947  WARN CountPPaxHandler:88 Should not have a count different zero 10
2020-11-21T17:38:23,947  WARN CountPPaxHandler:88 Should not have a count different zero 3
2020-11-21T17:38:23,947  WARN CountPPaxHandler:88 Should not have a count different zero 4
2020-11-21T17:38:34,020  WARN StageContainerCreator:152 There are 120 passengers with incomplete trips. Cannot finish them. Will not forward those entries
2020-11-21T17:38:36,345  WARN CountPPaxHandler:88 Should not have a count different zero 1
2020-11-21T17:38:36,345  WARN CountPPaxHandler:88 Should not have a count different zero 1
2020-11-21T17:38:36,345  WARN CountPPaxHandler:88 Should not have a count different zero 1
2020-11-21T17:38:36,345  WARN CountPPaxHandler:88 Should not have a count different zero 7
2020-11-21T17:38:36,345  WARN CountPPaxHandler:88 Should not have a count different zero 1
2020-11-21T17:38:36,345  WARN CountPPaxHandler:88 Should not have a count different zero 10
2020-11-21T17:38:36,345  WARN CountPPaxHandler:88 Should not have a count different zero 1
2020-11-21T17:38:36,345  WARN CountPPaxHandler:88 Should not have a count different zero 6
2020-11-21T17:38:36,345  WARN CountPPaxHandler:88 Should not have a count different zero 7
2020-11-21T17:38:36,345  WARN CountPPaxHandler:88 Should not have a count different zero 10
2020-11-21T17:38:36,345  WARN CountPPaxHandler:88 Should not have a count different zero 10
2020-11-21T17:38:36,345  WARN CountPPaxHandler:88 Should not have a count different zero 10
2020-11-21T17:38:36,345  WARN CountPPaxHandler:88 Should not have a count different zero 6
2020-11-21T17:38:36,345  WARN CountPPaxHandler:88 Should not have a count different zero 7
2020-11-21T17:38:36,345  WARN CountPPaxHandler:88 Should not have a count different zero 4
2020-11-21T17:38:36,345  WARN CountPPaxHandler:88 Should not have a count different zero 10
2020-11-21T17:38:36,345  WARN CountPPaxHandler:88 Should not have a count different zero 1
2020-11-21T17:38:36,345  WARN CountPPaxHandler:88 Should not have a count different zero 1
2020-11-21T17:38:36,345  WARN CountPPaxHandler:88 Should not have a count different zero 4
2020-11-21T17:38:36,345  WARN CountPPaxHandler:88 Should not have a count different zero 4
2020-11-21T17:38:36,345  WARN CountPPaxHandler:88 Should not have a count different zero 1
2020-11-21T17:38:36,345  WARN CountPPaxHandler:88 Should not have a count different zero 10
2020-11-21T17:38:36,345  WARN CountPPaxHandler:88 Should not have a count different zero 7
2020-11-21T17:38:36,345  WARN CountPPaxHandler:88 Should not have a count different zero 1
2020-11-21T17:38:36,345  WARN CountPPaxHandler:88 Should not have a count different zero 1
2020-11-21T17:38:36,345  WARN CountPPaxHandler:88 Should not have a count different zero 1
2020-11-21T17:38:36,345  WARN CountPPaxHandler:88 Should not have a count different zero 7
2020-11-21T17:38:36,345  WARN CountPPaxHandler:88 Should not have a count different zero 1
2020-11-21T17:38:36,361  WARN CountPPaxHandler:88 Should not have a count different zero 10
2020-11-21T17:38:36,361  WARN CountPPaxHandler:88 Should not have a count different zero 1
2020-11-21T17:38:36,361  WARN CountPPaxHandler:88 Should not have a count different zero 6
2020-11-21T17:38:36,361  WARN CountPPaxHandler:88 Should not have a count different zero 7
2020-11-21T17:38:36,361  WARN CountPPaxHandler:88 Should not have a count different zero 10
2020-11-21T17:38:36,361  WARN CountPPaxHandler:88 Should not have a count different zero 10
2020-11-21T17:38:36,361  WARN CountPPaxHandler:88 Should not have a count different zero 10
2020-11-21T17:38:36,361  WARN CountPPaxHandler:88 Should not have a count different zero 6
2020-11-21T17:38:36,361  WARN CountPPaxHandler:88 Should not have a count different zero 7
2020-11-21T17:38:36,361  WARN CountPPaxHandler:88 Should not have a count different zero 4
2020-11-21T17:38:36,361  WARN CountPPaxHandler:88 Should not have a count different zero 10
2020-11-21T17:38:36,361  WARN CountPPaxHandler:88 Should not have a count different zero 1
2020-11-21T17:38:36,361  WARN CountPPaxHandler:88 Should not have a count different zero 1
2020-11-21T17:38:36,361  WARN CountPPaxHandler:88 Should not have a count different zero 4
2020-11-21T17:38:36,361  WARN CountPPaxHandler:88 Should not have a count different zero 4
2020-11-21T17:38:36,361  WARN CountPPaxHandler:88 Should not have a count different zero 1
2020-11-21T17:38:36,361  WARN CountPPaxHandler:88 Should not have a count different zero 10
2020-11-21T17:38:36,361  WARN CountPPaxHandler:88 Should not have a count different zero 7
2020-11-21T17:38:36,361  WARN CountPPaxHandler:88 Should not have a count different zero 1
2020-11-21T17:38:36,361  WARN CountPPaxHandler:88 Should not have a count different zero 1
2020-11-21T17:38:36,361  WARN CountPPaxHandler:88 Should not have a count different zero 1
2020-11-21T17:38:36,361  WARN CountPPaxHandler:88 Should not have a count different zero 7
2020-11-21T17:38:36,361  WARN CountPPaxHandler:88 Should not have a count different zero 1
2020-11-21T17:38:36,361  WARN CountPPaxHandler:88 Should not have a count different zero 10
2020-11-21T17:38:36,361  WARN CountPPaxHandler:88 Should not have a count different zero 1
2020-11-21T17:38:36,361  WARN CountPPaxHandler:88 Should not have a count different zero 6
2020-11-21T17:38:36,361  WARN CountPPaxHandler:88 Should not have a count different zero 7
2020-11-21T17:38:36,361  WARN CountPPaxHandler:88 Should not have a count different zero 10
2020-11-21T17:38:36,361  WARN CountPPaxHandler:88 Should not have a count different zero 10
2020-11-21T17:38:36,361  WARN CountPPaxHandler:88 Should not have a count different zero 10
2020-11-21T17:38:36,361  WARN CountPPaxHandler:88 Should not have a count different zero 6
2020-11-21T17:38:36,361  WARN CountPPaxHandler:88 Should not have a count different zero 7
2020-11-21T17:38:36,361  WARN CountPPaxHandler:88 Should not have a count different zero 4
2020-11-21T17:38:36,361  WARN CountPPaxHandler:88 Should not have a count different zero 10
2020-11-21T17:38:36,361  WARN CountPPaxHandler:88 Should not have a count different zero 1
2020-11-21T17:38:36,361  WARN CountPPaxHandler:88 Should not have a count different zero 1
2020-11-21T17:38:36,361  WARN CountPPaxHandler:88 Should not have a count different zero 4
2020-11-21T17:38:36,361  WARN CountPPaxHandler:88 Should not have a count different zero 4
2020-11-21T17:38:36,361  WARN CountPPaxHandler:88 Should not have a count different zero 1
2020-11-21T17:38:36,361  WARN CountPPaxHandler:88 Should not have a count different zero 10
2020-11-21T17:38:36,361  WARN CountPPaxHandler:88 Should not have a count different zero 7
2020-11-21T17:38:46,051  WARN StageContainerCreator:152 There are 198 passengers with incomplete trips. Cannot finish them. Will not forward those entries
2020-11-21T17:38:48,204  WARN CountPPaxHandler:88 Should not have a count different zero 1
2020-11-21T17:38:48,204  WARN CountPPaxHandler:88 Should not have a count different zero 10
2020-11-21T17:38:48,204  WARN CountPPaxHandler:88 Should not have a count different zero 10
2020-11-21T17:38:48,204  WARN CountPPaxHandler:88 Should not have a count different zero 10
2020-11-21T17:38:48,204  WARN CountPPaxHandler:88 Should not have a count different zero 10
2020-11-21T17:38:48,204  WARN CountPPaxHandler:88 Should not have a count different zero 10
2020-11-21T17:38:48,204  WARN CountPPaxHandler:88 Should not have a count different zero 10
2020-11-21T17:38:48,204  WARN CountPPaxHandler:88 Should not have a count different zero 10
2020-11-21T17:38:48,204  WARN CountPPaxHandler:88 Should not have a count different zero 3
2020-11-21T17:38:48,204  WARN CountPPaxHandler:88 Should not have a count different zero 10
2020-11-21T17:38:48,204  WARN CountPPaxHandler:88 Should not have a count different zero 10
2020-11-21T17:38:48,204  WARN CountPPaxHandler:88 Should not have a count different zero 10
2020-11-21T17:38:48,204  WARN CountPPaxHandler:88 Should not have a count different zero 10
2020-11-21T17:38:48,204  WARN CountPPaxHandler:88 Should not have a count different zero 10
2020-11-21T17:38:48,204  WARN CountPPaxHandler:88 Should not have a count different zero 10
2020-11-21T17:38:48,204  WARN CountPPaxHandler:88 Should not have a count different zero 10
2020-11-21T17:38:48,204  WARN CountPPaxHandler:88 Should not have a count different zero 4
2020-11-21T17:38:48,204  WARN CountPPaxHandler:88 Should not have a count different zero 4
2020-11-21T17:38:48,204  WARN CountPPaxHandler:88 Should not have a count different zero 6
2020-11-21T17:38:48,204  WARN CountPPaxHandler:88 Should not have a count different zero 1
2020-11-21T17:38:48,204  WARN CountPPaxHandler:88 Should not have a count different zero 10
2020-11-21T17:38:48,204  WARN CountPPaxHandler:88 Should not have a count different zero 1
2020-11-21T17:38:48,204  WARN CountPPaxHandler:88 Should not have a count different zero 9
2020-11-21T17:38:48,204  WARN CountPPaxHandler:88 Should not have a count different zero 9
2020-11-21T17:38:48,204  WARN CountPPaxHandler:88 Should not have a count different zero 10
2020-11-21T17:38:48,204  WARN CountPPaxHandler:88 Should not have a count different zero 1
2020-11-21T17:38:48,204  WARN CountPPaxHandler:88 Should not have a count different zero 10
2020-11-21T17:38:48,204  WARN CountPPaxHandler:88 Should not have a count different zero 10
2020-11-21T17:38:48,204  WARN CountPPaxHandler:88 Should not have a count different zero 10
2020-11-21T17:38:48,204  WARN CountPPaxHandler:88 Should not have a count different zero 10
2020-11-21T17:38:48,204  WARN CountPPaxHandler:88 Should not have a count different zero 10
2020-11-21T17:38:48,204  WARN CountPPaxHandler:88 Should not have a count different zero 10
2020-11-21T17:38:48,204  WARN CountPPaxHandler:88 Should not have a count different zero 10
2020-11-21T17:38:48,204  WARN CountPPaxHandler:88 Should not have a count different zero 3
2020-11-21T17:38:48,204  WARN CountPPaxHandler:88 Should not have a count different zero 10
2020-11-21T17:38:48,204  WARN CountPPaxHandler:88 Should not have a count different zero 10
2020-11-21T17:38:48,204  WARN CountPPaxHandler:88 Should not have a count different zero 10
2020-11-21T17:38:48,204  WARN CountPPaxHandler:88 Should not have a count different zero 10
2020-11-21T17:38:48,204  WARN CountPPaxHandler:88 Should not have a count different zero 10
2020-11-21T17:38:48,204  WARN CountPPaxHandler:88 Should not have a count different zero 10
2020-11-21T17:38:48,204  WARN CountPPaxHandler:88 Should not have a count different zero 10
2020-11-21T17:38:48,204  WARN CountPPaxHandler:88 Should not have a count different zero 4
2020-11-21T17:38:48,204  WARN CountPPaxHandler:88 Should not have a count different zero 4
2020-11-21T17:38:48,204  WARN CountPPaxHandler:88 Should not have a count different zero 6
2020-11-21T17:38:48,204  WARN CountPPaxHandler:88 Should not have a count different zero 1
2020-11-21T17:38:48,204  WARN CountPPaxHandler:88 Should not have a count different zero 10
2020-11-21T17:38:48,204  WARN CountPPaxHandler:88 Should not have a count different zero 1
2020-11-21T17:38:48,204  WARN CountPPaxHandler:88 Should not have a count different zero 9
2020-11-21T17:38:48,204  WARN CountPPaxHandler:88 Should not have a count different zero 9
2020-11-21T17:38:48,204  WARN CountPPaxHandler:88 Should not have a count different zero 10
2020-11-21T17:38:48,204  WARN CountPPaxHandler:88 Should not have a count different zero 1
2020-11-21T17:38:48,204  WARN CountPPaxHandler:88 Should not have a count different zero 10
2020-11-21T17:38:48,204  WARN CountPPaxHandler:88 Should not have a count different zero 10
2020-11-21T17:38:48,204  WARN CountPPaxHandler:88 Should not have a count different zero 10
2020-11-21T17:38:48,204  WARN CountPPaxHandler:88 Should not have a count different zero 10
2020-11-21T17:38:48,204  WARN CountPPaxHandler:88 Should not have a count different zero 10
2020-11-21T17:38:48,204  WARN CountPPaxHandler:88 Should not have a count different zero 10
2020-11-21T17:38:48,204  WARN CountPPaxHandler:88 Should not have a count different zero 10
2020-11-21T17:38:48,204  WARN CountPPaxHandler:88 Should not have a count different zero 3
2020-11-21T17:38:48,204  WARN CountPPaxHandler:88 Should not have a count different zero 10
2020-11-21T17:38:48,204  WARN CountPPaxHandler:88 Should not have a count different zero 10
2020-11-21T17:38:48,204  WARN CountPPaxHandler:88 Should not have a count different zero 10
2020-11-21T17:38:48,204  WARN CountPPaxHandler:88 Should not have a count different zero 10
2020-11-21T17:38:48,204  WARN CountPPaxHandler:88 Should not have a count different zero 10
2020-11-21T17:38:48,204  WARN CountPPaxHandler:88 Should not have a count different zero 10
2020-11-21T17:38:48,204  WARN CountPPaxHandler:88 Should not have a count different zero 10
2020-11-21T17:38:48,204  WARN CountPPaxHandler:88 Should not have a count different zero 4
2020-11-21T17:38:48,204  WARN CountPPaxHandler:88 Should not have a count different zero 4
2020-11-21T17:38:48,204  WARN CountPPaxHandler:88 Should not have a count different zero 6
2020-11-21T17:38:48,204  WARN CountPPaxHandler:88 Should not have a count different zero 1
2020-11-21T17:38:48,204  WARN CountPPaxHandler:88 Should not have a count different zero 10
2020-11-21T17:38:48,204  WARN CountPPaxHandler:88 Should not have a count different zero 1
2020-11-21T17:38:48,204  WARN CountPPaxHandler:88 Should not have a count different zero 9
2020-11-21T17:38:48,204  WARN CountPPaxHandler:88 Should not have a count different zero 9
2020-11-21T17:38:48,204  WARN CountPPaxHandler:88 Should not have a count different zero 10
2020-11-21T17:38:58,080  WARN StageContainerCreator:152 There are 228 passengers with incomplete trips. Cannot finish them. Will not forward those entries
2020-11-21T17:38:59,724  WARN ObjectAttributesConverter:77 No AttributeConverter found for class java.util.Collections$UnmodifiableMap. Not all attribute values can be converted.
2020-11-21T17:39:00,763 ERROR DumpDataAtEndImpl:187 writing output trips did not work; probably parameters were such that no trips CSV were generated in the final iteration
2020-11-21T17:39:00,763 ERROR DumpDataAtEndImpl:202 writing output trips did not work; probably parameters were such that no trips CSV were generated in the final iteration
