2020-11-21T17:49:20,663  WARN CreatePStops:136 file  not found. Falling back to min/max serviceArea parameters.
2020-11-21T17:49:21,315  WARN PrepareForSimImpl:222 'usePersonIdForMissingVehicleId' is deprecated. It will be removed soon.
2020-11-21T17:49:21,674  WARN RandomizingTimeDistanceTravelDisutilityFactory:112 There will be no routing randomness. The randomization of the travel disutility requires the monetary distance rate to be different than zero. Continuing anyway.
2020-11-21T17:49:21,706  WARN PreProcessEuclidean:59 There are links with stored length smaller than their Euclidean distance in this network. Thus, A* cannot guarantee to calculate the least-cost paths between two nodes.
2020-11-21T17:49:21,752  WARN PreProcessEuclidean:59 There are links with stored length smaller than their Euclidean distance in this network. Thus, A* cannot guarantee to calculate the least-cost paths between two nodes.
2020-11-21T17:49:23,466  WARN ObjectAttributesConverter:77 No AttributeConverter found for class java.util.Collections$UnmodifiableMap. Not all attribute values can be converted.
2020-11-21T17:49:43,788  WARN StageContainerCreator:152 There are 169 passengers with incomplete trips. Cannot finish them. Will not forward those entries
2020-11-21T17:49:50,197  WARN ExpBetaPlanChanger:86 Would make sense to revise this once more.  See comments in code.  kai, nov08
2020-11-21T17:49:50,433  WARN CountPPaxHandler:88 Should not have a count different zero 1
2020-11-21T17:49:50,433  WARN CountPPaxHandler:88 Should not have a count different zero 10
2020-11-21T17:49:50,433  WARN CountPPaxHandler:88 Should not have a count different zero 10
2020-11-21T17:49:50,433  WARN CountPPaxHandler:88 Should not have a count different zero 1
2020-11-21T17:49:50,433  WARN CountPPaxHandler:88 Should not have a count different zero 10
2020-11-21T17:49:50,433  WARN CountPPaxHandler:88 Should not have a count different zero 2
2020-11-21T17:49:50,433  WARN CountPPaxHandler:88 Should not have a count different zero 3
2020-11-21T17:49:50,433  WARN CountPPaxHandler:88 Should not have a count different zero 10
2020-11-21T17:49:50,433  WARN CountPPaxHandler:88 Should not have a count different zero 10
2020-11-21T17:49:50,433  WARN CountPPaxHandler:88 Should not have a count different zero 10
2020-11-21T17:49:50,433  WARN CountPPaxHandler:88 Should not have a count different zero 10
2020-11-21T17:49:50,433  WARN CountPPaxHandler:88 Should not have a count different zero 1
2020-11-21T17:49:50,433  WARN CountPPaxHandler:88 Should not have a count different zero 1
2020-11-21T17:49:50,433  WARN CountPPaxHandler:88 Should not have a count different zero 4
2020-11-21T17:49:50,433  WARN CountPPaxHandler:88 Should not have a count different zero 4
2020-11-21T17:49:50,433  WARN CountPPaxHandler:88 Should not have a count different zero 4
2020-11-21T17:49:50,433  WARN CountPPaxHandler:88 Should not have a count different zero 3
2020-11-21T17:49:50,433  WARN CountPPaxHandler:88 Should not have a count different zero 3
2020-11-21T17:49:50,433  WARN CountPPaxHandler:88 Should not have a count different zero 1
2020-11-21T17:49:50,433  WARN CountPPaxHandler:88 Should not have a count different zero 10
2020-11-21T17:49:50,433  WARN CountPPaxHandler:88 Should not have a count different zero 3
2020-11-21T17:49:50,433  WARN CountPPaxHandler:88 Should not have a count different zero 10
2020-11-21T17:49:50,433  WARN CountPPaxHandler:88 Should not have a count different zero 3
2020-11-21T17:49:50,433  WARN CountPPaxHandler:88 Should not have a count different zero 10
2020-11-21T17:49:50,448  WARN CountPPaxHandler:88 Should not have a count different zero 3
2020-11-21T17:49:50,448  WARN CountPPaxHandler:88 Should not have a count different zero 10
2020-11-21T17:49:50,448  WARN CountPPaxHandler:88 Should not have a count different zero 2
2020-11-21T17:49:50,448  WARN CountPPaxHandler:88 Should not have a count different zero 2
2020-11-21T17:49:50,448  WARN CountPPaxHandler:88 Should not have a count different zero 2
2020-11-21T17:49:50,448  WARN CountPPaxHandler:88 Should not have a count different zero 3
2020-11-21T17:49:50,448  WARN CountPPaxHandler:88 Should not have a count different zero 2
2020-11-21T17:49:50,448  WARN CountPPaxHandler:88 Should not have a count different zero 1
2020-11-21T17:49:50,448  WARN CountPPaxHandler:88 Should not have a count different zero 10
2020-11-21T17:49:50,448  WARN CountPPaxHandler:88 Should not have a count different zero 1
2020-11-21T17:49:50,448  WARN CountPPaxHandler:88 Should not have a count different zero 10
2020-11-21T17:49:50,448  WARN CountPPaxHandler:88 Should not have a count different zero 10
2020-11-21T17:49:50,448  WARN CountPPaxHandler:88 Should not have a count different zero 1
2020-11-21T17:49:50,464  WARN CountPPaxHandler:88 Should not have a count different zero 10
2020-11-21T17:49:50,464  WARN CountPPaxHandler:88 Should not have a count different zero 2
2020-11-21T17:49:50,464  WARN CountPPaxHandler:88 Should not have a count different zero 3
2020-11-21T17:49:50,464  WARN CountPPaxHandler:88 Should not have a count different zero 10
2020-11-21T17:49:50,464  WARN CountPPaxHandler:88 Should not have a count different zero 10
2020-11-21T17:49:50,464  WARN CountPPaxHandler:88 Should not have a count different zero 10
2020-11-21T17:49:50,464  WARN CountPPaxHandler:88 Should not have a count different zero 10
2020-11-21T17:49:50,464  WARN CountPPaxHandler:88 Should not have a count different zero 1
2020-11-21T17:49:50,464  WARN CountPPaxHandler:88 Should not have a count different zero 1
2020-11-21T17:49:50,464  WARN CountPPaxHandler:88 Should not have a count different zero 4
2020-11-21T17:49:50,464  WARN CountPPaxHandler:88 Should not have a count different zero 4
2020-11-21T17:49:50,464  WARN CountPPaxHandler:88 Should not have a count different zero 4
2020-11-21T17:49:50,464  WARN CountPPaxHandler:88 Should not have a count different zero 3
2020-11-21T17:49:50,464  WARN CountPPaxHandler:88 Should not have a count different zero 3
2020-11-21T17:49:50,464  WARN CountPPaxHandler:88 Should not have a count different zero 1
2020-11-21T17:49:50,464  WARN CountPPaxHandler:88 Should not have a count different zero 10
2020-11-21T17:49:50,464  WARN CountPPaxHandler:88 Should not have a count different zero 3
2020-11-21T17:49:50,464  WARN CountPPaxHandler:88 Should not have a count different zero 10
2020-11-21T17:49:50,464  WARN CountPPaxHandler:88 Should not have a count different zero 3
2020-11-21T17:49:50,464  WARN CountPPaxHandler:88 Should not have a count different zero 10
2020-11-21T17:49:50,464  WARN CountPPaxHandler:88 Should not have a count different zero 3
2020-11-21T17:49:50,464  WARN CountPPaxHandler:88 Should not have a count different zero 10
2020-11-21T17:49:50,464  WARN CountPPaxHandler:88 Should not have a count different zero 2
2020-11-21T17:49:50,464  WARN CountPPaxHandler:88 Should not have a count different zero 2
2020-11-21T17:49:50,464  WARN CountPPaxHandler:88 Should not have a count different zero 2
2020-11-21T17:49:50,464  WARN CountPPaxHandler:88 Should not have a count different zero 3
2020-11-21T17:49:50,464  WARN CountPPaxHandler:88 Should not have a count different zero 2
2020-11-21T17:49:50,464  WARN CountPPaxHandler:88 Should not have a count different zero 1
2020-11-21T17:49:50,464  WARN CountPPaxHandler:88 Should not have a count different zero 10
2020-11-21T17:49:50,464  WARN CountPPaxHandler:88 Should not have a count different zero 1
2020-11-21T17:49:50,464  WARN CountPPaxHandler:88 Should not have a count different zero 10
2020-11-21T17:49:50,464  WARN CountPPaxHandler:88 Should not have a count different zero 10
2020-11-21T17:49:50,464  WARN CountPPaxHandler:88 Should not have a count different zero 1
2020-11-21T17:49:50,464  WARN CountPPaxHandler:88 Should not have a count different zero 10
2020-11-21T17:49:50,464  WARN CountPPaxHandler:88 Should not have a count different zero 2
2020-11-21T17:49:50,464  WARN CountPPaxHandler:88 Should not have a count different zero 3
2020-11-21T17:49:50,480  WARN CountPPaxHandler:88 Should not have a count different zero 10
2020-11-21T17:49:50,480  WARN CountPPaxHandler:88 Should not have a count different zero 10
2020-11-21T17:49:50,480  WARN CountPPaxHandler:88 Should not have a count different zero 10
2020-11-21T17:49:50,480  WARN CountPPaxHandler:88 Should not have a count different zero 10
2020-11-21T17:49:50,480  WARN CountPPaxHandler:88 Should not have a count different zero 1
2020-11-21T17:49:50,480  WARN CountPPaxHandler:88 Should not have a count different zero 1
2020-11-21T17:49:50,480  WARN CountPPaxHandler:88 Should not have a count different zero 4
2020-11-21T17:49:50,480  WARN CountPPaxHandler:88 Should not have a count different zero 4
2020-11-21T17:49:50,480  WARN CountPPaxHandler:88 Should not have a count different zero 4
2020-11-21T17:49:50,480  WARN CountPPaxHandler:88 Should not have a count different zero 3
2020-11-21T17:49:50,480  WARN CountPPaxHandler:88 Should not have a count different zero 3
2020-11-21T17:49:50,480  WARN CountPPaxHandler:88 Should not have a count different zero 1
2020-11-21T17:49:50,480  WARN CountPPaxHandler:88 Should not have a count different zero 10
2020-11-21T17:49:50,480  WARN CountPPaxHandler:88 Should not have a count different zero 3
2020-11-21T17:49:50,480  WARN CountPPaxHandler:88 Should not have a count different zero 10
2020-11-21T17:49:50,480  WARN CountPPaxHandler:88 Should not have a count different zero 3
2020-11-21T17:49:50,480  WARN CountPPaxHandler:88 Should not have a count different zero 10
2020-11-21T17:49:50,480  WARN CountPPaxHandler:88 Should not have a count different zero 3
2020-11-21T17:49:50,480  WARN CountPPaxHandler:88 Should not have a count different zero 10
2020-11-21T17:49:50,480  WARN CountPPaxHandler:88 Should not have a count different zero 2
2020-11-21T17:49:50,480  WARN CountPPaxHandler:88 Should not have a count different zero 2
2020-11-21T17:49:50,480  WARN CountPPaxHandler:88 Should not have a count different zero 2
2020-11-21T17:49:50,480  WARN CountPPaxHandler:88 Should not have a count different zero 3
2020-11-21T17:49:50,480  WARN CountPPaxHandler:88 Should not have a count different zero 2
2020-11-21T17:49:50,495  WARN CountPPaxHandler:88 Should not have a count different zero 1
2020-11-21T17:49:50,495  WARN CountPPaxHandler:88 Should not have a count different zero 10
2020-11-21T17:49:50,511  WARN ObjectAttributesConverter:77 No AttributeConverter found for class java.util.Collections$UnmodifiableMap. Not all attribute values can be converted.
2020-11-21T17:50:03,752  WARN StageContainerCreator:152 There are 121 passengers with incomplete trips. Cannot finish them. Will not forward those entries
2020-11-21T17:50:06,589  WARN CountPPaxHandler:88 Should not have a count different zero 1
2020-11-21T17:50:06,589  WARN CountPPaxHandler:88 Should not have a count different zero 10
2020-11-21T17:50:06,589  WARN CountPPaxHandler:88 Should not have a count different zero 5
2020-11-21T17:50:06,589  WARN CountPPaxHandler:88 Should not have a count different zero 10
2020-11-21T17:50:06,589  WARN CountPPaxHandler:88 Should not have a count different zero 10
2020-11-21T17:50:06,589  WARN CountPPaxHandler:88 Should not have a count different zero 10
2020-11-21T17:50:06,589  WARN CountPPaxHandler:88 Should not have a count different zero 10
2020-11-21T17:50:06,589  WARN CountPPaxHandler:88 Should not have a count different zero 10
2020-11-21T17:50:06,589  WARN CountPPaxHandler:88 Should not have a count different zero 10
2020-11-21T17:50:06,589  WARN CountPPaxHandler:88 Should not have a count different zero 10
2020-11-21T17:50:06,589  WARN CountPPaxHandler:88 Should not have a count different zero 10
2020-11-21T17:50:06,589  WARN CountPPaxHandler:88 Should not have a count different zero 7
2020-11-21T17:50:06,589  WARN CountPPaxHandler:88 Should not have a count different zero 7
2020-11-21T17:50:06,589  WARN CountPPaxHandler:88 Should not have a count different zero 1
2020-11-21T17:50:06,589  WARN CountPPaxHandler:88 Should not have a count different zero 10
2020-11-21T17:50:06,589  WARN CountPPaxHandler:88 Should not have a count different zero 1
2020-11-21T17:50:06,589  WARN CountPPaxHandler:88 Should not have a count different zero 10
2020-11-21T17:50:06,589  WARN CountPPaxHandler:88 Should not have a count different zero 5
2020-11-21T17:50:06,589  WARN CountPPaxHandler:88 Should not have a count different zero 10
2020-11-21T17:50:06,589  WARN CountPPaxHandler:88 Should not have a count different zero 10
2020-11-21T17:50:06,589  WARN CountPPaxHandler:88 Should not have a count different zero 10
2020-11-21T17:50:06,589  WARN CountPPaxHandler:88 Should not have a count different zero 10
2020-11-21T17:50:06,589  WARN CountPPaxHandler:88 Should not have a count different zero 10
2020-11-21T17:50:06,589  WARN CountPPaxHandler:88 Should not have a count different zero 10
2020-11-21T17:50:06,589  WARN CountPPaxHandler:88 Should not have a count different zero 10
2020-11-21T17:50:06,589  WARN CountPPaxHandler:88 Should not have a count different zero 10
2020-11-21T17:50:06,589  WARN CountPPaxHandler:88 Should not have a count different zero 7
2020-11-21T17:50:06,589  WARN CountPPaxHandler:88 Should not have a count different zero 7
2020-11-21T17:50:06,589  WARN CountPPaxHandler:88 Should not have a count different zero 1
2020-11-21T17:50:06,589  WARN CountPPaxHandler:88 Should not have a count different zero 10
2020-11-21T17:50:06,589  WARN CountPPaxHandler:88 Should not have a count different zero 1
2020-11-21T17:50:06,589  WARN CountPPaxHandler:88 Should not have a count different zero 10
2020-11-21T17:50:06,589  WARN CountPPaxHandler:88 Should not have a count different zero 5
2020-11-21T17:50:06,589  WARN CountPPaxHandler:88 Should not have a count different zero 10
2020-11-21T17:50:06,589  WARN CountPPaxHandler:88 Should not have a count different zero 10
2020-11-21T17:50:06,589  WARN CountPPaxHandler:88 Should not have a count different zero 10
2020-11-21T17:50:06,589  WARN CountPPaxHandler:88 Should not have a count different zero 10
2020-11-21T17:50:06,589  WARN CountPPaxHandler:88 Should not have a count different zero 10
2020-11-21T17:50:06,589  WARN CountPPaxHandler:88 Should not have a count different zero 10
2020-11-21T17:50:06,589  WARN CountPPaxHandler:88 Should not have a count different zero 10
2020-11-21T17:50:06,589  WARN CountPPaxHandler:88 Should not have a count different zero 10
2020-11-21T17:50:06,589  WARN CountPPaxHandler:88 Should not have a count different zero 7
2020-11-21T17:50:06,589  WARN CountPPaxHandler:88 Should not have a count different zero 7
2020-11-21T17:50:06,589  WARN CountPPaxHandler:88 Should not have a count different zero 1
2020-11-21T17:50:06,589  WARN CountPPaxHandler:88 Should not have a count different zero 10
2020-11-21T17:50:19,847  WARN StageContainerCreator:152 There are 127 passengers with incomplete trips. Cannot finish them. Will not forward those entries
2020-11-21T17:50:23,867  WARN CountPPaxHandler:88 Should not have a count different zero 1
2020-11-21T17:50:23,867  WARN CountPPaxHandler:88 Should not have a count different zero 2
2020-11-21T17:50:23,867  WARN CountPPaxHandler:88 Should not have a count different zero 2
2020-11-21T17:50:23,867  WARN CountPPaxHandler:88 Should not have a count different zero 1
2020-11-21T17:50:23,867  WARN CountPPaxHandler:88 Should not have a count different zero 1
2020-11-21T17:50:23,867  WARN CountPPaxHandler:88 Should not have a count different zero 1
2020-11-21T17:50:23,867  WARN CountPPaxHandler:88 Should not have a count different zero 10
2020-11-21T17:50:23,867  WARN CountPPaxHandler:88 Should not have a count different zero 10
2020-11-21T17:50:23,867  WARN CountPPaxHandler:88 Should not have a count different zero 10
2020-11-21T17:50:23,867  WARN CountPPaxHandler:88 Should not have a count different zero 10
2020-11-21T17:50:23,867  WARN CountPPaxHandler:88 Should not have a count different zero 10
2020-11-21T17:50:23,867  WARN CountPPaxHandler:88 Should not have a count different zero 10
2020-11-21T17:50:23,867  WARN CountPPaxHandler:88 Should not have a count different zero 10
2020-11-21T17:50:23,867  WARN CountPPaxHandler:88 Should not have a count different zero 10
2020-11-21T17:50:23,867  WARN CountPPaxHandler:88 Should not have a count different zero 10
2020-11-21T17:50:23,867  WARN CountPPaxHandler:88 Should not have a count different zero 10
2020-11-21T17:50:23,867  WARN CountPPaxHandler:88 Should not have a count different zero 1
2020-11-21T17:50:23,867  WARN CountPPaxHandler:88 Should not have a count different zero 1
2020-11-21T17:50:23,867  WARN CountPPaxHandler:88 Should not have a count different zero 10
2020-11-21T17:50:23,867  WARN CountPPaxHandler:88 Should not have a count different zero 3
2020-11-21T17:50:23,867  WARN CountPPaxHandler:88 Should not have a count different zero 4
2020-11-21T17:50:23,867  WARN CountPPaxHandler:88 Should not have a count different zero 1
2020-11-21T17:50:23,867  WARN CountPPaxHandler:88 Should not have a count different zero 2
2020-11-21T17:50:23,867  WARN CountPPaxHandler:88 Should not have a count different zero 2
2020-11-21T17:50:23,867  WARN CountPPaxHandler:88 Should not have a count different zero 1
2020-11-21T17:50:23,867  WARN CountPPaxHandler:88 Should not have a count different zero 1
2020-11-21T17:50:23,867  WARN CountPPaxHandler:88 Should not have a count different zero 1
2020-11-21T17:50:23,867  WARN CountPPaxHandler:88 Should not have a count different zero 10
2020-11-21T17:50:23,867  WARN CountPPaxHandler:88 Should not have a count different zero 10
2020-11-21T17:50:23,867  WARN CountPPaxHandler:88 Should not have a count different zero 10
2020-11-21T17:50:23,867  WARN CountPPaxHandler:88 Should not have a count different zero 10
2020-11-21T17:50:23,867  WARN CountPPaxHandler:88 Should not have a count different zero 10
2020-11-21T17:50:23,867  WARN CountPPaxHandler:88 Should not have a count different zero 10
2020-11-21T17:50:23,867  WARN CountPPaxHandler:88 Should not have a count different zero 10
2020-11-21T17:50:23,867  WARN CountPPaxHandler:88 Should not have a count different zero 10
2020-11-21T17:50:23,867  WARN CountPPaxHandler:88 Should not have a count different zero 10
2020-11-21T17:50:23,867  WARN CountPPaxHandler:88 Should not have a count different zero 10
2020-11-21T17:50:23,867  WARN CountPPaxHandler:88 Should not have a count different zero 1
2020-11-21T17:50:23,867  WARN CountPPaxHandler:88 Should not have a count different zero 1
2020-11-21T17:50:23,867  WARN CountPPaxHandler:88 Should not have a count different zero 10
2020-11-21T17:50:23,867  WARN CountPPaxHandler:88 Should not have a count different zero 3
2020-11-21T17:50:23,867  WARN CountPPaxHandler:88 Should not have a count different zero 4
2020-11-21T17:50:23,867  WARN CountPPaxHandler:88 Should not have a count different zero 1
2020-11-21T17:50:23,867  WARN CountPPaxHandler:88 Should not have a count different zero 2
2020-11-21T17:50:23,867  WARN CountPPaxHandler:88 Should not have a count different zero 2
2020-11-21T17:50:23,867  WARN CountPPaxHandler:88 Should not have a count different zero 1
2020-11-21T17:50:23,867  WARN CountPPaxHandler:88 Should not have a count different zero 1
2020-11-21T17:50:23,883  WARN CountPPaxHandler:88 Should not have a count different zero 1
2020-11-21T17:50:23,883  WARN CountPPaxHandler:88 Should not have a count different zero 10
2020-11-21T17:50:23,883  WARN CountPPaxHandler:88 Should not have a count different zero 10
2020-11-21T17:50:23,883  WARN CountPPaxHandler:88 Should not have a count different zero 10
2020-11-21T17:50:23,883  WARN CountPPaxHandler:88 Should not have a count different zero 10
2020-11-21T17:50:23,883  WARN CountPPaxHandler:88 Should not have a count different zero 10
2020-11-21T17:50:23,883  WARN CountPPaxHandler:88 Should not have a count different zero 10
2020-11-21T17:50:23,883  WARN CountPPaxHandler:88 Should not have a count different zero 10
2020-11-21T17:50:23,883  WARN CountPPaxHandler:88 Should not have a count different zero 10
2020-11-21T17:50:23,883  WARN CountPPaxHandler:88 Should not have a count different zero 10
2020-11-21T17:50:23,883  WARN CountPPaxHandler:88 Should not have a count different zero 10
2020-11-21T17:50:23,883  WARN CountPPaxHandler:88 Should not have a count different zero 1
2020-11-21T17:50:23,883  WARN CountPPaxHandler:88 Should not have a count different zero 1
2020-11-21T17:50:23,883  WARN CountPPaxHandler:88 Should not have a count different zero 10
2020-11-21T17:50:23,883  WARN CountPPaxHandler:88 Should not have a count different zero 3
2020-11-21T17:50:23,883  WARN CountPPaxHandler:88 Should not have a count different zero 4
2020-11-21T17:50:35,552  WARN StageContainerCreator:152 There are 120 passengers with incomplete trips. Cannot finish them. Will not forward those entries
2020-11-21T17:50:40,566  WARN CountPPaxHandler:88 Should not have a count different zero 1
2020-11-21T17:50:40,566  WARN CountPPaxHandler:88 Should not have a count different zero 1
2020-11-21T17:50:40,566  WARN CountPPaxHandler:88 Should not have a count different zero 1
2020-11-21T17:50:40,566  WARN CountPPaxHandler:88 Should not have a count different zero 7
2020-11-21T17:50:40,566  WARN CountPPaxHandler:88 Should not have a count different zero 1
2020-11-21T17:50:40,566  WARN CountPPaxHandler:88 Should not have a count different zero 10
2020-11-21T17:50:40,567  WARN CountPPaxHandler:88 Should not have a count different zero 1
2020-11-21T17:50:40,567  WARN CountPPaxHandler:88 Should not have a count different zero 6
2020-11-21T17:50:40,567  WARN CountPPaxHandler:88 Should not have a count different zero 7
2020-11-21T17:50:40,567  WARN CountPPaxHandler:88 Should not have a count different zero 10
2020-11-21T17:50:40,567  WARN CountPPaxHandler:88 Should not have a count different zero 10
2020-11-21T17:50:40,567  WARN CountPPaxHandler:88 Should not have a count different zero 10
2020-11-21T17:50:40,568  WARN CountPPaxHandler:88 Should not have a count different zero 6
2020-11-21T17:50:40,568  WARN CountPPaxHandler:88 Should not have a count different zero 7
2020-11-21T17:50:40,568  WARN CountPPaxHandler:88 Should not have a count different zero 4
2020-11-21T17:50:40,569  WARN CountPPaxHandler:88 Should not have a count different zero 10
2020-11-21T17:50:40,569  WARN CountPPaxHandler:88 Should not have a count different zero 1
2020-11-21T17:50:40,569  WARN CountPPaxHandler:88 Should not have a count different zero 1
2020-11-21T17:50:40,569  WARN CountPPaxHandler:88 Should not have a count different zero 4
2020-11-21T17:50:40,569  WARN CountPPaxHandler:88 Should not have a count different zero 4
2020-11-21T17:50:40,569  WARN CountPPaxHandler:88 Should not have a count different zero 1
2020-11-21T17:50:40,570  WARN CountPPaxHandler:88 Should not have a count different zero 10
2020-11-21T17:50:40,570  WARN CountPPaxHandler:88 Should not have a count different zero 7
2020-11-21T17:50:40,570  WARN CountPPaxHandler:88 Should not have a count different zero 1
2020-11-21T17:50:40,571  WARN CountPPaxHandler:88 Should not have a count different zero 1
2020-11-21T17:50:40,571  WARN CountPPaxHandler:88 Should not have a count different zero 1
2020-11-21T17:50:40,571  WARN CountPPaxHandler:88 Should not have a count different zero 7
2020-11-21T17:50:40,571  WARN CountPPaxHandler:88 Should not have a count different zero 1
2020-11-21T17:50:40,572  WARN CountPPaxHandler:88 Should not have a count different zero 10
2020-11-21T17:50:40,572  WARN CountPPaxHandler:88 Should not have a count different zero 1
2020-11-21T17:50:40,572  WARN CountPPaxHandler:88 Should not have a count different zero 6
2020-11-21T17:50:40,572  WARN CountPPaxHandler:88 Should not have a count different zero 7
2020-11-21T17:50:40,572  WARN CountPPaxHandler:88 Should not have a count different zero 10
2020-11-21T17:50:40,572  WARN CountPPaxHandler:88 Should not have a count different zero 10
2020-11-21T17:50:40,572  WARN CountPPaxHandler:88 Should not have a count different zero 10
2020-11-21T17:50:40,573  WARN CountPPaxHandler:88 Should not have a count different zero 6
2020-11-21T17:50:40,573  WARN CountPPaxHandler:88 Should not have a count different zero 7
2020-11-21T17:50:40,573  WARN CountPPaxHandler:88 Should not have a count different zero 4
2020-11-21T17:50:40,573  WARN CountPPaxHandler:88 Should not have a count different zero 10
2020-11-21T17:50:40,573  WARN CountPPaxHandler:88 Should not have a count different zero 1
2020-11-21T17:50:40,573  WARN CountPPaxHandler:88 Should not have a count different zero 1
2020-11-21T17:50:40,574  WARN CountPPaxHandler:88 Should not have a count different zero 4
2020-11-21T17:50:40,574  WARN CountPPaxHandler:88 Should not have a count different zero 4
2020-11-21T17:50:40,574  WARN CountPPaxHandler:88 Should not have a count different zero 1
2020-11-21T17:50:40,574  WARN CountPPaxHandler:88 Should not have a count different zero 10
2020-11-21T17:50:40,574  WARN CountPPaxHandler:88 Should not have a count different zero 7
2020-11-21T17:50:40,575  WARN CountPPaxHandler:88 Should not have a count different zero 1
2020-11-21T17:50:40,575  WARN CountPPaxHandler:88 Should not have a count different zero 1
2020-11-21T17:50:40,575  WARN CountPPaxHandler:88 Should not have a count different zero 1
2020-11-21T17:50:40,575  WARN CountPPaxHandler:88 Should not have a count different zero 7
2020-11-21T17:50:40,575  WARN CountPPaxHandler:88 Should not have a count different zero 1
2020-11-21T17:50:40,575  WARN CountPPaxHandler:88 Should not have a count different zero 10
2020-11-21T17:50:40,575  WARN CountPPaxHandler:88 Should not have a count different zero 1
2020-11-21T17:50:40,576  WARN CountPPaxHandler:88 Should not have a count different zero 6
2020-11-21T17:50:40,576  WARN CountPPaxHandler:88 Should not have a count different zero 7
2020-11-21T17:50:40,576  WARN CountPPaxHandler:88 Should not have a count different zero 10
2020-11-21T17:50:40,576  WARN CountPPaxHandler:88 Should not have a count different zero 10
2020-11-21T17:50:40,576  WARN CountPPaxHandler:88 Should not have a count different zero 10
2020-11-21T17:50:40,576  WARN CountPPaxHandler:88 Should not have a count different zero 6
2020-11-21T17:50:40,576  WARN CountPPaxHandler:88 Should not have a count different zero 7
2020-11-21T17:50:40,576  WARN CountPPaxHandler:88 Should not have a count different zero 4
2020-11-21T17:50:40,577  WARN CountPPaxHandler:88 Should not have a count different zero 10
2020-11-21T17:50:40,577  WARN CountPPaxHandler:88 Should not have a count different zero 1
2020-11-21T17:50:40,578  WARN CountPPaxHandler:88 Should not have a count different zero 1
2020-11-21T17:50:40,578  WARN CountPPaxHandler:88 Should not have a count different zero 4
2020-11-21T17:50:40,578  WARN CountPPaxHandler:88 Should not have a count different zero 4
2020-11-21T17:50:40,579  WARN CountPPaxHandler:88 Should not have a count different zero 1
2020-11-21T17:50:40,579  WARN CountPPaxHandler:88 Should not have a count different zero 10
2020-11-21T17:50:40,579  WARN CountPPaxHandler:88 Should not have a count different zero 7
2020-11-21T17:50:51,902  WARN StageContainerCreator:152 There are 198 passengers with incomplete trips. Cannot finish them. Will not forward those entries
2020-11-21T17:50:54,814  WARN CountPPaxHandler:88 Should not have a count different zero 1
2020-11-21T17:50:54,815  WARN CountPPaxHandler:88 Should not have a count different zero 10
2020-11-21T17:50:54,815  WARN CountPPaxHandler:88 Should not have a count different zero 10
2020-11-21T17:50:54,815  WARN CountPPaxHandler:88 Should not have a count different zero 10
2020-11-21T17:50:54,815  WARN CountPPaxHandler:88 Should not have a count different zero 10
2020-11-21T17:50:54,815  WARN CountPPaxHandler:88 Should not have a count different zero 10
2020-11-21T17:50:54,815  WARN CountPPaxHandler:88 Should not have a count different zero 10
2020-11-21T17:50:54,815  WARN CountPPaxHandler:88 Should not have a count different zero 10
2020-11-21T17:50:54,815  WARN CountPPaxHandler:88 Should not have a count different zero 3
2020-11-21T17:50:54,815  WARN CountPPaxHandler:88 Should not have a count different zero 10
2020-11-21T17:50:54,815  WARN CountPPaxHandler:88 Should not have a count different zero 10
2020-11-21T17:50:54,815  WARN CountPPaxHandler:88 Should not have a count different zero 10
2020-11-21T17:50:54,815  WARN CountPPaxHandler:88 Should not have a count different zero 10
2020-11-21T17:50:54,816  WARN CountPPaxHandler:88 Should not have a count different zero 10
2020-11-21T17:50:54,816  WARN CountPPaxHandler:88 Should not have a count different zero 10
2020-11-21T17:50:54,816  WARN CountPPaxHandler:88 Should not have a count different zero 10
2020-11-21T17:50:54,816  WARN CountPPaxHandler:88 Should not have a count different zero 4
2020-11-21T17:50:54,816  WARN CountPPaxHandler:88 Should not have a count different zero 4
2020-11-21T17:50:54,816  WARN CountPPaxHandler:88 Should not have a count different zero 6
2020-11-21T17:50:54,817  WARN CountPPaxHandler:88 Should not have a count different zero 1
2020-11-21T17:50:54,817  WARN CountPPaxHandler:88 Should not have a count different zero 10
2020-11-21T17:50:54,817  WARN CountPPaxHandler:88 Should not have a count different zero 1
2020-11-21T17:50:54,817  WARN CountPPaxHandler:88 Should not have a count different zero 9
2020-11-21T17:50:54,817  WARN CountPPaxHandler:88 Should not have a count different zero 9
2020-11-21T17:50:54,817  WARN CountPPaxHandler:88 Should not have a count different zero 10
2020-11-21T17:50:54,817  WARN CountPPaxHandler:88 Should not have a count different zero 1
2020-11-21T17:50:54,817  WARN CountPPaxHandler:88 Should not have a count different zero 10
2020-11-21T17:50:54,818  WARN CountPPaxHandler:88 Should not have a count different zero 10
2020-11-21T17:50:54,818  WARN CountPPaxHandler:88 Should not have a count different zero 10
2020-11-21T17:50:54,818  WARN CountPPaxHandler:88 Should not have a count different zero 10
2020-11-21T17:50:54,819  WARN CountPPaxHandler:88 Should not have a count different zero 10
2020-11-21T17:50:54,819  WARN CountPPaxHandler:88 Should not have a count different zero 10
2020-11-21T17:50:54,819  WARN CountPPaxHandler:88 Should not have a count different zero 10
2020-11-21T17:50:54,819  WARN CountPPaxHandler:88 Should not have a count different zero 3
2020-11-21T17:50:54,819  WARN CountPPaxHandler:88 Should not have a count different zero 10
2020-11-21T17:50:54,819  WARN CountPPaxHandler:88 Should not have a count different zero 10
2020-11-21T17:50:54,819  WARN CountPPaxHandler:88 Should not have a count different zero 10
2020-11-21T17:50:54,819  WARN CountPPaxHandler:88 Should not have a count different zero 10
2020-11-21T17:50:54,819  WARN CountPPaxHandler:88 Should not have a count different zero 10
2020-11-21T17:50:54,819  WARN CountPPaxHandler:88 Should not have a count different zero 10
2020-11-21T17:50:54,820  WARN CountPPaxHandler:88 Should not have a count different zero 10
2020-11-21T17:50:54,821  WARN CountPPaxHandler:88 Should not have a count different zero 4
2020-11-21T17:50:54,821  WARN CountPPaxHandler:88 Should not have a count different zero 4
2020-11-21T17:50:54,821  WARN CountPPaxHandler:88 Should not have a count different zero 6
2020-11-21T17:50:54,822  WARN CountPPaxHandler:88 Should not have a count different zero 1
2020-11-21T17:50:54,822  WARN CountPPaxHandler:88 Should not have a count different zero 10
2020-11-21T17:50:54,822  WARN CountPPaxHandler:88 Should not have a count different zero 1
2020-11-21T17:50:54,822  WARN CountPPaxHandler:88 Should not have a count different zero 9
2020-11-21T17:50:54,822  WARN CountPPaxHandler:88 Should not have a count different zero 9
2020-11-21T17:50:54,822  WARN CountPPaxHandler:88 Should not have a count different zero 10
2020-11-21T17:50:54,826  WARN CountPPaxHandler:88 Should not have a count different zero 1
2020-11-21T17:50:54,831  WARN CountPPaxHandler:88 Should not have a count different zero 10
2020-11-21T17:50:54,832  WARN CountPPaxHandler:88 Should not have a count different zero 10
2020-11-21T17:50:54,832  WARN CountPPaxHandler:88 Should not have a count different zero 10
2020-11-21T17:50:54,832  WARN CountPPaxHandler:88 Should not have a count different zero 10
2020-11-21T17:50:54,832  WARN CountPPaxHandler:88 Should not have a count different zero 10
2020-11-21T17:50:54,832  WARN CountPPaxHandler:88 Should not have a count different zero 10
2020-11-21T17:50:54,832  WARN CountPPaxHandler:88 Should not have a count different zero 10
2020-11-21T17:50:54,832  WARN CountPPaxHandler:88 Should not have a count different zero 3
2020-11-21T17:50:54,832  WARN CountPPaxHandler:88 Should not have a count different zero 10
2020-11-21T17:50:54,833  WARN CountPPaxHandler:88 Should not have a count different zero 10
2020-11-21T17:50:54,833  WARN CountPPaxHandler:88 Should not have a count different zero 10
2020-11-21T17:50:54,833  WARN CountPPaxHandler:88 Should not have a count different zero 10
2020-11-21T17:50:54,833  WARN CountPPaxHandler:88 Should not have a count different zero 10
2020-11-21T17:50:54,833  WARN CountPPaxHandler:88 Should not have a count different zero 10
2020-11-21T17:50:54,833  WARN CountPPaxHandler:88 Should not have a count different zero 10
2020-11-21T17:50:54,833  WARN CountPPaxHandler:88 Should not have a count different zero 4
2020-11-21T17:50:54,833  WARN CountPPaxHandler:88 Should not have a count different zero 4
2020-11-21T17:50:54,833  WARN CountPPaxHandler:88 Should not have a count different zero 6
2020-11-21T17:50:54,833  WARN CountPPaxHandler:88 Should not have a count different zero 1
2020-11-21T17:50:54,833  WARN CountPPaxHandler:88 Should not have a count different zero 10
2020-11-21T17:50:54,833  WARN CountPPaxHandler:88 Should not have a count different zero 1
2020-11-21T17:50:54,833  WARN CountPPaxHandler:88 Should not have a count different zero 9
2020-11-21T17:50:54,833  WARN CountPPaxHandler:88 Should not have a count different zero 9
2020-11-21T17:50:54,834  WARN CountPPaxHandler:88 Should not have a count different zero 10
2020-11-21T17:50:54,882  WARN ObjectAttributesConverter:77 No AttributeConverter found for class java.util.Collections$UnmodifiableMap. Not all attribute values can be converted.
2020-11-21T17:51:06,971  WARN StageContainerCreator:152 There are 228 passengers with incomplete trips. Cannot finish them. Will not forward those entries
2020-11-21T17:51:09,309  WARN ObjectAttributesConverter:77 No AttributeConverter found for class java.util.Collections$UnmodifiableMap. Not all attribute values can be converted.
2020-11-21T17:51:10,630 ERROR DumpDataAtEndImpl:187 writing output trips did not work; probably parameters were such that no trips CSV were generated in the final iteration
2020-11-21T17:51:10,631 ERROR DumpDataAtEndImpl:202 writing output trips did not work; probably parameters were such that no trips CSV were generated in the final iteration
