2021-06-21T07:46:24,865  WARN CreatePStops:136 file  not found. Falling back to min/max serviceArea parameters.
2021-06-21T07:46:25,160  WARN PrepareForSimImpl:222 'usePersonIdForMissingVehicleId' is deprecated. It will be removed soon.
2021-06-21T07:46:25,627  WARN RandomizingTimeDistanceTravelDisutilityFactory:112 There will be no routing randomness. The randomization of the travel disutility requires the monetary distance rate to be different than zero. Continuing anyway.
2021-06-21T07:46:25,646  WARN PreProcessEuclidean:59 There are links with stored length smaller than their Euclidean distance in this network. Thus, A* cannot guarantee to calculate the least-cost paths between two nodes.
2021-06-21T07:46:25,676  WARN PreProcessEuclidean:59 There are links with stored length smaller than their Euclidean distance in this network. Thus, A* cannot guarantee to calculate the least-cost paths between two nodes.
2021-06-21T07:46:27,048  WARN ObjectAttributesConverter:77 No AttributeConverter found for class java.util.Collections$UnmodifiableMap. Not all attribute values can be converted.
2021-06-21T07:46:32,059  WARN QueueWithBuffer:390 Link 0 too small: enlarge storage capacity from: 195.33333333333334 Vehicles to: 1611.6611661166116 Vehicles.  This is not fatal, but modifies the traffic flow dynamics.
2021-06-21T07:46:32,065  WARN QueueWithBuffer:390 Link 1 too small: enlarge storage capacity from: 195.33333333333334 Vehicles to: 1611.6611661166116 Vehicles.  This is not fatal, but modifies the traffic flow dynamics.
2021-06-21T07:46:32,066  WARN QueueWithBuffer:390 Link 10 too small: enlarge storage capacity from: 745.4666666666667 Vehicles to: 11563.257105714118 Vehicles.  This is not fatal, but modifies the traffic flow dynamics.
2021-06-21T07:46:32,066  WARN QueueWithBuffer:390 Link 100 too small: enlarge storage capacity from: 942.1333333333333 Vehicles to: 14894.60370994941 Vehicles.  This is not fatal, but modifies the traffic flow dynamics.
2021-06-21T07:46:32,066  WARN QueueWithBuffer:390 Link 101 too small: enlarge storage capacity from: 942.1333333333333 Vehicles to: 14894.60370994941 Vehicles.  This is not fatal, but modifies the traffic flow dynamics.
2021-06-21T07:46:32,067  WARN QueueWithBuffer:390 Link 102 too small: enlarge storage capacity from: 324.53333333333336 Vehicles to: 4899.3558776167465 Vehicles.  This is not fatal, but modifies the traffic flow dynamics.
2021-06-21T07:46:32,067  WARN QueueWithBuffer:390 Link 103 too small: enlarge storage capacity from: 324.53333333333336 Vehicles to: 4899.3558776167465 Vehicles.  This is not fatal, but modifies the traffic flow dynamics.
2021-06-21T07:46:32,067  WARN QueueWithBuffer:390 Link 104 too small: enlarge storage capacity from: 631.3333333333334 Vehicles to: 9895.506792058517 Vehicles.  This is not fatal, but modifies the traffic flow dynamics.
2021-06-21T07:46:32,068  WARN QueueWithBuffer:390 Link 105 too small: enlarge storage capacity from: 631.3333333333334 Vehicles to: 9895.506792058517 Vehicles.  This is not fatal, but modifies the traffic flow dynamics.
2021-06-21T07:46:32,068  WARN QueueWithBuffer:390 Link 106 too small: enlarge storage capacity from: 560.4 Vehicles to: 4941.217963790266 Vehicles.  This is not fatal, but modifies the traffic flow dynamics.
2021-06-21T07:46:32,069  WARN QueueWithBuffer:390 Link 107 too small: enlarge storage capacity from: 560.4 Vehicles to: 4941.217963790266 Vehicles.  This is not fatal, but modifies the traffic flow dynamics.
2021-06-21T07:46:32,069  WARN QueueWithBuffer:393 Additional warnings of this type are suppressed.
2021-06-21T07:47:04,609  WARN ExpBetaPlanChanger:86 Would make sense to revise this once more.  See comments in code.  kai, nov08
2021-06-21T07:47:04,945  WARN ObjectAttributesConverter:77 No AttributeConverter found for class java.util.Collections$UnmodifiableMap. Not all attribute values can be converted.
2021-06-21T16:07:12,280  WARN ObjectAttributesConverter:77 No AttributeConverter found for class java.util.Collections$UnmodifiableMap. Not all attribute values can be converted.
2021-06-21T16:07:57,191  WARN ObjectAttributesConverter:77 No AttributeConverter found for class java.util.Collections$UnmodifiableMap. Not all attribute values can be converted.
